2025-02-22 16:19:22 - Hamish logged out
2025-02-22 16:19:28 - Hamish logged in
2025-02-22 16:19:30 - Hamish logged out
2025-02-22 16:19:36 - test1 logged in
2025-02-22 16:26:46 - test1 logged out
2025-02-22 16:26:55 - Hamish logged in
2025-02-22 16:41:33 - Hamish logged out
2025-02-22 16:43:25 - Hamish logged in
2025-02-22 16:43:28 - Hamish logged out
2025-02-22 16:43:33 - Hamish logged in
2025-02-22 16:55:25 - Hamish logged in
2025-02-22 16:55:28 - Hamish logged out
2025-02-22 16:55:34 - test1 logged in
2025-02-22 16:55:40 - test1 logged out
2025-02-22 16:58:51 - test1 logged in
2025-02-22 16:58:54 - test1 logged out
2025-02-22 16:59:00 - Hamish logged in
2025-02-22 16:59:03 - Hamish logged out
2025-02-22 19:33:05 - Hamish logged in
2025-02-22 19:56:57 - Hamish logged out
2025-02-22 19:57:37 - test1 logged in
2025-02-22 19:57:53 - test1 logged out
2025-02-22 19:57:58 - Hamish logged in
2025-02-22 19:58:11 - Hamish logged out
2025-02-22 19:58:17 - test1 logged in
2025-02-22 19:58:47 - test1 logged out
2025-02-22 19:58:55 - Hamish logged in
2025-02-22 20:00:42 - Hamish logged out
2025-02-22 20:00:46 - test1 logged in
2025-02-22 20:01:47 - test1 logged out
2025-02-22 20:01:51 - Hamish logged in
2025-02-22 20:24:57 - Hamish logged out
2025-02-22 20:25:03 - test1 logged in
2025-02-22 20:42:37 - test1 logged out
2025-02-22 20:42:43 - Hamish logged in
2025-02-22 21:02:57 - Hamish logged out
2025-02-22 21:03:04 - Hamish logged in
2025-02-22 21:04:46 - Hamish logged out
2025-02-22 21:04:55 - test1 logged in
2025-02-22 21:05:13 - test1 logged out
2025-02-22 21:05:23 - Hamish logged in
2025-02-22 21:09:20 - Hamish logged out
2025-02-22 21:09:26 - Hamish logged in
2025-02-22 21:14:36 - Hamish logged out
2025-02-22 21:14:41 - Hamish logged in
2025-02-22 21:51:06 - Hamish logged out
2025-02-22 21:51:11 - test1 logged in
2025-02-22 21:51:50 - test1 logged out
2025-02-22 21:51:55 - Hamish logged in
2025-02-22 21:52:09 - Hamish logged out
2025-02-22 21:52:15 - Hamish logged in
2025-02-22 21:52:26 - Hamish logged out
2025-02-22 21:52:43 - test logged in
2025-02-22 21:54:36 - test logged out
2025-02-22 21:54:53 - test logged in
2025-02-22 21:56:18 - test logged out
2025-02-22 21:56:59 - test logged in
2025-02-22 21:58:05 - test logged out
2025-02-22 21:58:21 - Hamish logged in
2025-02-22 22:00:11 - Hamish logged out
2025-02-22 22:16:45 - Hamish logged in
2025-02-22 22:16:53 - Hamish logged out
2025-02-22 22:17:40 - Hamish logged in
2025-02-22 22:18:02 - Hamish logged out
2025-02-22 22:20:29 - Hamish logged in
2025-02-22 22:39:05 - Hamish logged out
2025-02-22 22:39:15 - Hamish logged in
2025-02-22 22:39:30 - Hamish logged out
2025-02-22 22:39:38 - Hamish logged in
2025-02-22 23:16:45 - Hamish logged in
2025-02-22 23:17:41 - Hamish logged out
2025-02-22 23:17:47 - test logged in
2025-02-22 23:19:20 - test logged out
2025-02-22 23:20:16 - Hamish logged in
2025-02-22 23:21:21 - Hamish logged out
2025-02-22 23:22:08 - test logged in
2025-02-22 23:24:16 - test logged out
2025-02-22 23:24:36 - Hamish logged in
2025-02-22 23:24:45 - Hamish logged out
2025-02-22 23:24:49 - test logged in
2025-02-22 23:27:15 - test logged out
2025-02-22 23:27:32 - test1 logged in
